# Logfile created on 2024-06-13 05:09:42 +0000 by logger.rb/v1.6.0
I, [2024-06-13T05:09:42.731936 #1]  INFO -- : Using GitHub Features: Defaults
I, [2024-06-13T05:09:42.732282 #1]  INFO -- : Forecasting 'https://dev.azure.com/matleanusha/anusha-firstproject/_build'
I, [2024-06-13T05:09:42.741198 #1]  INFO -- request: GET https://dev.azure.com/matleanusha/anusha-firstproject/_apis/distributedtask/queues?api-version=5.0-preview
I, [2024-06-13T05:09:43.197913 #1]  INFO -- response: Status 200
I, [2024-06-13T05:09:43.252752 #1]  INFO -- : Thread collection size: 8
I, [2024-06-13T05:09:43.259749 #1]  INFO -- request: GET https://dev.azure.com/matleanusha/_apis/distributedtask/pools/3/jobrequests?%24top=200&api-version=5.0
I, [2024-06-13T05:09:43.261349 #1]  INFO -- request: GET https://dev.azure.com/matleanusha/_apis/distributedtask/pools/7/jobrequests?%24top=200&api-version=5.0
I, [2024-06-13T05:09:43.259975 #1]  INFO -- request: GET https://dev.azure.com/matleanusha/_apis/distributedtask/pools/2/jobrequests?%24top=200&api-version=5.0
I, [2024-06-13T05:09:43.260089 #1]  INFO -- request: GET https://dev.azure.com/matleanusha/_apis/distributedtask/pools/5/jobrequests?%24top=200&api-version=5.0
I, [2024-06-13T05:09:43.260172 #1]  INFO -- request: GET https://dev.azure.com/matleanusha/_apis/distributedtask/pools/4/jobrequests?%24top=200&api-version=5.0
I, [2024-06-13T05:09:43.260252 #1]  INFO -- request: GET https://dev.azure.com/matleanusha/_apis/distributedtask/pools/6/jobrequests?%24top=200&api-version=5.0
I, [2024-06-13T05:09:43.261480 #1]  INFO -- request: GET https://dev.azure.com/matleanusha/_apis/distributedtask/pools/8/jobrequests?%24top=200&api-version=5.0
I, [2024-06-13T05:09:43.259894 #1]  INFO -- request: GET https://dev.azure.com/matleanusha/_apis/distributedtask/pools/1/jobrequests?%24top=200&api-version=5.0
I, [2024-06-13T05:09:43.369543 #1]  INFO -- response: Status 200
I, [2024-06-13T05:09:43.372781 #1]  INFO -- request: GET https://dev.azure.com/matleanusha/_apis/distributedtask/pools/9/jobrequests?%24top=200&api-version=5.0
I, [2024-06-13T05:09:43.374947 #1]  INFO -- response: Status 200
I, [2024-06-13T05:09:43.478811 #1]  INFO -- response: Status 200
I, [2024-06-13T05:09:43.479161 #1]  INFO -- response: Status 200
I, [2024-06-13T05:09:43.479298 #1]  INFO -- response: Status 200
I, [2024-06-13T05:09:43.488141 #1]  INFO -- response: Status 200
I, [2024-06-13T05:09:43.492207 #1]  INFO -- response: Status 200
I, [2024-06-13T05:09:43.499701 #1]  INFO -- response: Status 200
I, [2024-06-13T05:09:43.584318 #1]  INFO -- response: Status 200
I, [2024-06-13T05:09:43.627186 #1]  INFO -- : Output file(s):
I, [2024-06-13T05:09:43.639526 #1]  INFO -- :   tmp/forecast_reports/jobs/06-13-2024-05-09_jobs_0.json
I, [2024-06-13T05:09:43.643697 #1]  INFO -- :   tmp/forecast_reports/forecast_report.md
E, [2024-06-13T05:09:43.653444 #1] ERROR -- : undefined method `match?' for nil
/usr/local/bundle/gems/actions_importer-1.3.22074/lib/valet/metrics.rb:113:in `dotcom_user?'
/usr/local/bundle/gems/sorbet-runtime-0.5.11108/lib/types/private/methods/call_validation.rb:256:in `bind_call'
/usr/local/bundle/gems/sorbet-runtime-0.5.11108/lib/types/private/methods/call_validation.rb:256:in `validate_call'
/usr/local/bundle/gems/sorbet-runtime-0.5.11108/lib/types/private/methods/_methods.rb:275:in `block in _on_method_added'
/usr/local/bundle/gems/actions_importer-1.3.22074/lib/valet/metrics.rb:91:in `generate_metadata'
/usr/local/bundle/gems/sorbet-runtime-0.5.11108/lib/types/private/methods/call_validation.rb:256:in `bind_call'
/usr/local/bundle/gems/sorbet-runtime-0.5.11108/lib/types/private/methods/call_validation.rb:256:in `validate_call'
/usr/local/bundle/gems/sorbet-runtime-0.5.11108/lib/types/private/methods/_methods.rb:275:in `block in _on_method_added'
/usr/local/bundle/gems/actions_importer-1.3.22074/lib/valet/metrics.rb:28:in `block in track_event'
/usr/local/bundle/gems/faraday-2.7.2/lib/faraday/connection.rb:442:in `block in run_request'
/usr/local/bundle/gems/faraday-2.7.2/lib/faraday/connection.rb:459:in `block in build_request'
/usr/local/bundle/gems/faraday-2.7.2/lib/faraday/request.rb:40:in `block in create'
<internal:kernel>:90:in `tap'
/usr/local/bundle/gems/faraday-2.7.2/lib/faraday/request.rb:39:in `create'
/usr/local/bundle/gems/faraday-2.7.2/lib/faraday/connection.rb:455:in `build_request'
/usr/local/bundle/gems/faraday-2.7.2/lib/faraday/connection.rb:437:in `run_request'
/usr/local/bundle/gems/faraday-2.7.2/lib/faraday/connection.rb:281:in `post'
/usr/local/bundle/gems/actions_importer-1.3.22074/lib/valet/metrics.rb:25:in `track_event'
/usr/local/bundle/gems/sorbet-runtime-0.5.11108/lib/types/private/methods/call_validation.rb:256:in `bind_call'
/usr/local/bundle/gems/sorbet-runtime-0.5.11108/lib/types/private/methods/call_validation.rb:256:in `validate_call'
/usr/local/bundle/gems/sorbet-runtime-0.5.11108/lib/types/private/methods/_methods.rb:275:in `block in _on_method_added'
/usr/local/bundle/gems/actions_importer-1.3.22074/lib/valet/commands/forecast.rb:61:in `call'
/usr/local/bundle/gems/actions_importer-1.3.22074/lib/valet/subcommands/forecast.rb:30:in `azure_devops'
/usr/local/bundle/gems/thor-1.2.2/lib/thor/command.rb:27:in `run'
/usr/local/bundle/gems/thor-1.2.2/lib/thor/invocation.rb:127:in `invoke_command'
/usr/local/bundle/gems/thor-1.2.2/lib/thor.rb:392:in `dispatch'
/usr/local/bundle/gems/thor-1.2.2/lib/thor/invocation.rb:116:in `invoke'
/usr/local/bundle/gems/thor-1.2.2/lib/thor.rb:243:in `block in subcommand'
/usr/local/bundle/gems/thor-1.2.2/lib/thor/command.rb:27:in `run'
/usr/local/bundle/gems/thor-1.2.2/lib/thor/invocation.rb:127:in `invoke_command'
/usr/local/bundle/gems/thor-1.2.2/lib/thor.rb:392:in `dispatch'
/usr/local/bundle/gems/thor-1.2.2/lib/thor/base.rb:485:in `start'
/usr/local/bundle/gems/actions_importer-1.3.22074/exe/actions-importer:19:in `<top (required)>'
/usr/local/bundle/bin/actions-importer:25:in `load'
/usr/local/bundle/bin/actions-importer:25:in `<main>'
